Game started with 3 players
Player 0 rolled 3 (position=3)
Player 1 rolled 3 (position=3)
Player 2 rolled 3 (position=3)
Player 0 rolled 4 (position=7)
Player 1 rolled 4 (position=7)
Player 2 rolled 4 (position=7)
Player 0 rolled 6 (position=13)
Player 1 rolled 6 (position=13)
Player 2 rolled 6 (position=13)
Player 0 rolled 2 (position=15)
Player 1 rolled 2 (position=15)
Player 2 rolled 2 (position=15)
Player 0 WON the game
Game started with 3 players
Player 0 rolled 5 (position=5)
Player 1 rolled 5 (position=5)
Player 2 rolled 5 (position=5)
Player 0 rolled 6 (position=11)
Player 1 rolled 6 (position=11)
Player 2 rolled 6 (position=11)
Player 0 rolled 1 (position=12)
Player 1 rolled 1 (position=12)
Player 2 rolled 1 (position=12)
Player 0 rolled 1 (position=13)
Player 1 rolled 1 (position=13)
Player 2 rolled 1 (position=13)
Player 0 rolled 5 (position=18)
Player 1 rolled 5 (position=18)
Player 2 rolled 5 (position=18)
Player 0 rolled 1 (position=19)
Player 1 rolled 1 (position=19)
Player 2 rolled 1 (position=19)
Player 0 WON the game
Game started with 3 players
Player 0 rolled 2 (position=2)
Player 1 rolled 2 (position=2)
Player 2 rolled 2 (position=2)
Player 0 rolled 1 (position=3)
Player 1 rolled 1 (position=3)
Player 2 rolled 1 (position=3)
Player 0 rolled 6 (position=9)
Player 1 rolled 6 (position=9)
Player 2 rolled 6 (position=9)
Player 0 rolled 4 (position=13)
Player 1 rolled 4 (position=13)
Player 2 rolled 4 (position=13)
Player 0 rolled 3 (position=16)
Player 1 rolled 3 (position=16)
Player 2 rolled 3 (position=16)
Player 0 WON. Total wins = 1
Game started with 3 players
Player 0 rolled 2 (position=2)
Player 1 rolled 2 (position=2)
Player 2 rolled 2 (position=2)
Player 0 rolled 6 (position=8)
Player 1 rolled 6 (position=8)
Player 2 rolled 6 (position=8)
Player 0 rolled 2 (position=10)
Player 1 rolled 2 (position=10)
Player 2 rolled 2 (position=10)
Player 0 rolled 5 (position=15)
Player 1 rolled 5 (position=15)
Player 2 rolled 5 (position=15)
Player 0 WON. Total wins = 2
Game reset. New game started.
Player 0 rolled 5 (position=5)
Player 1 rolled 5 (position=5)
Game started with 3 players
Player 0 rolled 6 (position=6)
Player 1 rolled 6 (position=6)
Player 2 rolled 6 (position=6)
Player 0 rolled 5 (position=11)
Player 1 rolled 5 (position=11)
Player 2 rolled 5 (position=11)
Player 0 rolled 1 (position=12)
Player 1 rolled 1 (position=12)
Player 2 rolled 1 (position=12)
Player 0 rolled 5 (position=17)
Player 1 rolled 5 (position=17)
Player 2 rolled 5 (position=17)
Player 0 WON. Total wins = 3
Game reset. New game started.
Game reset. New game started.
Player 1 rolled 3 (position=3)
Player 2 rolled 3 (position=3)
Player 1 rolled 5 (position=8)
Player 2 rolled 5 (position=8)
Player 1 rolled 2 (position=10)
Player 2 rolled 2 (position=10)
Player 0 rolled 3 (position=16)
Player 1 rolled 6 (position=16)
Player 2 rolled 6 (position=16)
Player 1 rolled 3 (position=19)
Player 2 rolled 3 (position=19)
Player 0 WON. Total wins = 4
Game reset. New game started.
